<testsuites id="" name="" tests="5" failures="3" skipped="0" errors="0" time="71.575675">
<testsuite name="ui/awani/awani-dunia-article.spec.ts" timestamp="2025-06-04T06:47:48.788Z" hostname="" tests="1" failures="1" skipped="0" time="61.377" errors="0">
<testcase name="Go to Dunia news article" classname="ui/awani/awani-dunia-article.spec.ts" time="61.377">
<failure message="awani-dunia-article.spec.ts:5:5 Go to Dunia news article" type="FAILURE">
<![CDATA[  ui/awani/awani-dunia-article.spec.ts:5:5 › Go to Dunia news article ──────────────────────────────

    Test timeout of 30000ms exceeded.

    Error: locator.waitFor: Test timeout of 30000ms exceeded.
    Call log:
      - waiting for locator('a[aria-label="DUNIA"]') to be visible


       9 |
      10 |   const duniaLink = page.locator('a[aria-label="DUNIA"]');
    > 11 |   await duniaLink.waitFor({ state: 'visible' });
         |                   ^
      12 |   await expect(duniaLink).toBeVisible();
      13 |
      14 |   await closeAdIfPresent(page);
        at /Users/woyewben/Desktop/code/astro-automated-testing/tests/ui/awani/awani-dunia-article.spec.ts:11:19

    Retry #1 ───────────────────────────────────────────────────────────────────────────────────────

    Test timeout of 30000ms exceeded.

    Error: locator.waitFor: Test timeout of 30000ms exceeded.
    Call log:
      - waiting for locator('a[aria-label="DUNIA"]') to be visible


       9 |
      10 |   const duniaLink = page.locator('a[aria-label="DUNIA"]');
    > 11 |   await duniaLink.waitFor({ state: 'visible' });
         |                   ^
      12 |   await expect(duniaLink).toBeVisible();
      13 |
      14 |   await closeAdIfPresent(page);
        at /Users/woyewben/Desktop/code/astro-automated-testing/tests/ui/awani/awani-dunia-article.spec.ts:11:19
]]>
</failure>
<system-out>
<![CDATA[No ad to close or failed to close ad
No ad to close or failed to close ad
]]>
</system-out>
</testcase>
</testsuite>
<testsuite name="ui/awani/awani-video.spec.ts" timestamp="2025-06-04T06:47:48.788Z" hostname="" tests="1" failures="1" skipped="0" time="61.369" errors="0">
<testcase name="Go to Video Live TV" classname="ui/awani/awani-video.spec.ts" time="61.369">
<failure message="awani-video.spec.ts:5:5 Go to Video Live TV" type="FAILURE">
<![CDATA[  ui/awani/awani-video.spec.ts:5:5 › Go to Video Live TV ───────────────────────────────────────────

    Test timeout of 30000ms exceeded.

    Error: locator.waitFor: Test timeout of 30000ms exceeded.
    Call log:
      - waiting for locator('a[aria-label="VIDEO"]') to be visible


       9 |   // Locate and click the VIDEO link
      10 |   const videoLink = page.locator('a[aria-label="VIDEO"]');
    > 11 |   await videoLink.waitFor({ state: 'visible' });
         |                   ^
      12 |   await expect(videoLink).toBeVisible();
      13 |
      14 |   // Try to close ad if visible
        at /Users/woyewben/Desktop/code/astro-automated-testing/tests/ui/awani/awani-video.spec.ts:11:19

    Retry #1 ───────────────────────────────────────────────────────────────────────────────────────

    Test timeout of 30000ms exceeded.

    Error: locator.waitFor: Test timeout of 30000ms exceeded.
    Call log:
      - waiting for locator('a[aria-label="VIDEO"]') to be visible


       9 |   // Locate and click the VIDEO link
      10 |   const videoLink = page.locator('a[aria-label="VIDEO"]');
    > 11 |   await videoLink.waitFor({ state: 'visible' });
         |                   ^
      12 |   await expect(videoLink).toBeVisible();
      13 |
      14 |   // Try to close ad if visible
        at /Users/woyewben/Desktop/code/astro-automated-testing/tests/ui/awani/awani-video.spec.ts:11:19
]]>
</failure>
</testcase>
</testsuite>
<testsuite name="ui/gempak/gempak-home-page.spec.ts" timestamp="2025-06-04T06:47:48.788Z" hostname="" tests="1" failures="0" skipped="0" time="19.805" errors="0">
<testcase name="Check navigation texts are visible" classname="ui/gempak/gempak-home-page.spec.ts" time="19.805">
<system-out>
<![CDATA[No ad to close or failed to close ad
]]>
</system-out>
</testcase>
</testsuite>
<testsuite name="ui/stadium-astro/sa-home-page.spec.ts" timestamp="2025-06-04T06:47:48.788Z" hostname="" tests="1" failures="1" skipped="0" time="35.65" errors="0">
<testcase name="Navigation items are present" classname="ui/stadium-astro/sa-home-page.spec.ts" time="35.65">
<failure message="sa-home-page.spec.ts:5:5 Navigation items are present" type="FAILURE">
<![CDATA[  ui/stadium-astro/sa-home-page.spec.ts:5:5 › Navigation items are present ─────────────────────────

    Error: Timed out 5000ms waiting for expect(locator).toBeVisible()

    Locator: locator('nav#MAIN_NAVIGATION_HAMBURGER_HEADER').locator('text=Live Scores').first()
    Expected: visible
    Received: <element(s) not found>
    Call log:
      - expect.toBeVisible with timeout 5000ms
      - waiting for locator('nav#MAIN_NAVIGATION_HAMBURGER_HEADER').locator('text=Live Scores').first()


      22 |
      23 |   for (const text of expectedTexts) {
    > 24 |     await expect(page.locator(`${navSelector} >> text=${text}`).first()).toBeVisible();
         |                                                                          ^
      25 |   }
      26 | });
      27 |
        at /Users/woyewben/Desktop/code/astro-automated-testing/tests/ui/stadium-astro/sa-home-page.spec.ts:24:74

    Retry #1 ───────────────────────────────────────────────────────────────────────────────────────

    Error: Timed out 5000ms waiting for expect(locator).toBeVisible()

    Locator: locator('nav#MAIN_NAVIGATION_HAMBURGER_HEADER').locator('text=Live Scores').first()
    Expected: visible
    Received: <element(s) not found>
    Call log:
      - expect.toBeVisible with timeout 5000ms
      - waiting for locator('nav#MAIN_NAVIGATION_HAMBURGER_HEADER').locator('text=Live Scores').first()


      22 |
      23 |   for (const text of expectedTexts) {
    > 24 |     await expect(page.locator(`${navSelector} >> text=${text}`).first()).toBeVisible();
         |                                                                          ^
      25 |   }
      26 | });
      27 |
        at /Users/woyewben/Desktop/code/astro-automated-testing/tests/ui/stadium-astro/sa-home-page.spec.ts:24:74
]]>
</failure>
<system-out>
<![CDATA[No ad to close or failed to close ad
No ad to close or failed to close ad
]]>
</system-out>
</testcase>
</testsuite>
<testsuite name="ui/ulagam/ulagam-home-page.spec.ts" timestamp="2025-06-04T06:47:48.788Z" hostname="" tests="1" failures="0" skipped="0" time="36.859" errors="0">
<testcase name="Navigation items are present" classname="ui/ulagam/ulagam-home-page.spec.ts" time="36.859">
<system-out>
<![CDATA[No ad to close or failed to close ad
No ad to close or failed to close ad
]]>
</system-out>
</testcase>
</testsuite>
</testsuites>